<?xml version="1.0" encoding="UTF-8"?>
<testng-results ignored="0" total="1" passed="1" failed="0" skipped="0">
  <reporter-output>
  </reporter-output>
  <suite started-at="2021-08-11T15:32:49 IST" name="Default suite" finished-at="2021-08-11T15:33:49 IST" duration-ms="59717">
    <groups>
    </groups>
    <test started-at="2021-08-11T15:32:49 IST" name="Default test" finished-at="2021-08-11T15:33:49 IST" duration-ms="59717">
      <class name="com.test.medicare.MedicareAppEndUserTest">
        <test-method is-config="true" signature="beforeClass()[pri:0, instance:com.test.medicare.MedicareAppEndUserTest@27ff5d15]" started-at="2021-08-11T15:32:49 IST" name="beforeClass" finished-at="2021-08-11T15:32:53 IST" duration-ms="3873" status="PASS">
          <reporter-output>
          </reporter-output>
        </test-method> <!-- beforeClass -->
        <test-method signature="medicareApptest()[pri:0, instance:com.test.medicare.MedicareAppEndUserTest@27ff5d15]" started-at="2021-08-11T15:32:53 IST" name="medicareApptest" finished-at="2021-08-11T15:33:48 IST" duration-ms="55478" status="PASS">
          <reporter-output>
          </reporter-output>
        </test-method> <!-- medicareApptest -->
        <test-method is-config="true" signature="afterClass()[pri:0, instance:com.test.medicare.MedicareAppEndUserTest@27ff5d15]" started-at="2021-08-11T15:33:48 IST" name="afterClass" finished-at="2021-08-11T15:33:49 IST" duration-ms="287" status="PASS">
          <reporter-output>
          </reporter-output>
        </test-method> <!-- afterClass -->
      </class> <!-- com.test.medicare.MedicareAppEndUserTest -->
    </test> <!-- Default test -->
  </suite> <!-- Default suite -->
</testng-results>
